{"/Users/winnguyen/interviews/beers_app/src/api/app.ts": {"path":"/Users/winnguyen/interviews/beers_app/src/api/app.ts","statementMap":{"0":{"start":{"line":1,"column":0},"end":{"line":1,"column":46}},"1":{"start":{"line":2,"column":0},"end":{"line":2,"column":33}},"2":{"start":{"line":3,"column":0},"end":{"line":3,"column":37}},"3":{"start":{"line":4,"column":0},"end":{"line":4,"column":24}},"4":{"start":{"line":5,"column":0},"end":{"line":5,"column":66}},"5":{"start":{"line":6,"column":0},"end":{"line":6,"column":70}},"6":{"start":{"line":8,"column":0},"end":{"line":10,"column":3}},"7":{"start":{"line":12,"column":17},"end":{"line":12,"column":51}},"8":{"start":{"line":13,"column":25},"end":{"line":13,"column":34}},"9":{"start":{"line":15,"column":13},"end":{"line":15,"column":37}},"10":{"start":{"line":16,"column":0},"end":{"line":16,"column":16}},"11":{"start":{"line":17,"column":0},"end":{"line":17,"column":24}},"12":{"start":{"line":18,"column":0},"end":{"line":18,"column":39}},"13":{"start":{"line":20,"column":0},"end":{"line":20,"column":19}}},"fnMap":{},"branchMap":{"0":{"loc":{"start":{"line":15,"column":13},"end":{"line":15,"column":37}},"type":"binary-expr","locations":[{"start":{"line":15,"column":13},"end":{"line":15,"column":29}},{"start":{"line":15,"column":33},"end":{"line":15,"column":37}}]}},"s":{"0":0,"1":0,"2":0,"3":0,"4":0,"5":0,"6":0,"7":0,"8":0,"9":0,"10":0,"11":0,"12":0,"13":0},"f":{},"b":{"0":[0,0]}}
,"/Users/winnguyen/interviews/beers_app/src/api/routes.ts": {"path":"/Users/winnguyen/interviews/beers_app/src/api/routes.ts","statementMap":{"0":{"start":{"line":1,"column":0},"end":{"line":1,"column":55}},"1":{"start":{"line":2,"column":0},"end":{"line":2,"column":51}},"2":{"start":{"line":3,"column":0},"end":{"line":3,"column":55}},"3":{"start":{"line":4,"column":15},"end":{"line":4,"column":52}},"4":{"start":{"line":6,"column":0},"end":{"line":6,"column":22}}},"fnMap":{},"branchMap":{},"s":{"0":0,"1":0,"2":0,"3":0,"4":0},"f":{},"b":{}}
,"/Users/winnguyen/interviews/beers_app/src/api/server.ts": {"path":"/Users/winnguyen/interviews/beers_app/src/api/server.ts","statementMap":{"0":{"start":{"line":1,"column":0},"end":{"line":1,"column":31}},"1":{"start":{"line":2,"column":0},"end":{"line":2,"column":40}},"2":{"start":{"line":3,"column":0},"end":{"line":3,"column":49}},"3":{"start":{"line":4,"column":0},"end":{"line":4,"column":58}},"4":{"start":{"line":5,"column":0},"end":{"line":5,"column":47}},"5":{"start":{"line":6,"column":21},"end":{"line":6,"column":25}},"6":{"start":{"line":8,"column":0},"end":{"line":13,"column":3}},"7":{"start":{"line":9,"column":4},"end":{"line":9,"column":36}},"8":{"start":{"line":10,"column":4},"end":{"line":12,"column":null}},"9":{"start":{"line":11,"column":8},"end":{"line":11,"column":24}},"10":{"start":{"line":15,"column":0},"end":{"line":17,"column":3}},"11":{"start":{"line":16,"column":4},"end":{"line":16,"column":17}},"12":{"start":{"line":19,"column":0},"end":{"line":23,"column":3}},"13":{"start":{"line":19,"column":28},"end":{"line":23,"column":2}},"14":{"start":{"line":20,"column":4},"end":{"line":20,"column":47}},"15":{"start":{"line":21,"column":4},"end":{"line":21,"column":27}},"16":{"start":{"line":22,"column":4},"end":{"line":22,"column":16}}},"fnMap":{"0":{"name":"(anonymous_8)","decl":{"start":{"line":8,"column":32},"end":{"line":8,"column":33}},"loc":{"start":{"line":8,"column":49},"end":{"line":13,"column":1}}},"1":{"name":"(anonymous_9)","decl":{"start":{"line":15,"column":33},"end":{"line":15,"column":34}},"loc":{"start":{"line":15,"column":74},"end":{"line":17,"column":1}}},"2":{"name":"(anonymous_10)","decl":{"start":{"line":19,"column":17},"end":{"line":19,"column":26}},"loc":{"start":{"line":19,"column":28},"end":{"line":23,"column":2}}},"3":{"name":"(anonymous_11)","decl":{"start":{"line":19,"column":28},"end":{"line":19,"column":null}},"loc":{"start":{"line":19,"column":28},"end":{"line":23,"column":1}}}},"branchMap":{"0":{"loc":{"start":{"line":10,"column":4},"end":{"line":12,"column":null}},"type":"if","locations":[{"start":{"line":10,"column":4},"end":{"line":12,"column":null}}]}},"s":{"0":0,"1":0,"2":0,"3":0,"4":0,"5":0,"6":0,"7":0,"8":0,"9":0,"10":0,"11":0,"12":0,"13":0,"14":0,"15":0,"16":0},"f":{"0":0,"1":0,"2":0,"3":0},"b":{"0":[0]}}
,"/Users/winnguyen/interviews/beers_app/src/api/config/axios-config.ts": {"path":"/Users/winnguyen/interviews/beers_app/src/api/config/axios-config.ts","statementMap":{"0":{"start":{"line":1,"column":25},"end":{"line":1,"column":104}},"1":{"start":{"line":1,"column":47},"end":{"line":1,"column":104}},"2":{"start":{"line":3,"column":9},"end":{"line":3,"column":25}}},"fnMap":{"0":{"name":"(anonymous_0)","decl":{"start":{"line":1,"column":25},"end":{"line":1,"column":26}},"loc":{"start":{"line":1,"column":47},"end":{"line":1,"column":104}}}},"branchMap":{},"s":{"0":0,"1":0,"2":0},"f":{"0":0},"b":{}}
,"/Users/winnguyen/interviews/beers_app/src/api/config/commons.ts": {"path":"/Users/winnguyen/interviews/beers_app/src/api/config/commons.ts","statementMap":{"0":{"start":{"line":1,"column":13},"end":{"line":1,"column":61}},"1":{"start":{"line":2,"column":13},"end":{"line":2,"column":31}},"2":{"start":{"line":3,"column":13},"end":{"line":3,"column":39}}},"fnMap":{},"branchMap":{},"s":{"0":0,"1":0,"2":0},"f":{},"b":{}}
,"/Users/winnguyen/interviews/beers_app/src/api/controllers/beer.controller.ts": {"path":"/Users/winnguyen/interviews/beers_app/src/api/controllers/beer.controller.ts","statementMap":{"0":{"start":{"line":15,"column":0},"end":{"line":15,"column":40}},"1":{"start":{"line":16,"column":0},"end":{"line":16,"column":61}},"2":{"start":{"line":18,"column":24},"end":{"line":48,"column":null}},"3":{"start":{"line":21,"column":30},"end":{"line":21,"column":50}},"4":{"start":{"line":22,"column":8},"end":{"line":22,"column":57}},"5":{"start":{"line":23,"column":8},"end":{"line":35,"column":null}},"6":{"start":{"line":24,"column":26},"end":{"line":24,"column":56}},"7":{"start":{"line":25,"column":12},"end":{"line":28,"column":null}},"8":{"start":{"line":30,"column":12},"end":{"line":34,"column":null}},"9":{"start":{"line":43,"column":8},"end":{"line":46,"column":null}},"10":{"start":{"line":50,"column":0},"end":{"line":50,"column":31}}},"fnMap":{"0":{"name":"(anonymous_8)","decl":{"start":{"line":20,"column":10},"end":{"line":20,"column":22}},"loc":{"start":{"line":20,"column":50},"end":{"line":36,"column":null}}},"1":{"name":"(anonymous_10)","decl":{"start":{"line":42,"column":4},"end":{"line":42,"column":18}},"loc":{"start":{"line":42,"column":46},"end":{"line":47,"column":5}}}},"branchMap":{},"s":{"0":0,"1":0,"2":0,"3":0,"4":0,"5":0,"6":0,"7":0,"8":0,"9":0,"10":0},"f":{"0":0,"1":0},"b":{}}
,"/Users/winnguyen/interviews/beers_app/src/api/controllers/global.controller.ts": {"path":"/Users/winnguyen/interviews/beers_app/src/api/controllers/global.controller.ts","statementMap":{"0":{"start":{"line":15,"column":26},"end":{"line":19,"column":null}},"1":{"start":{"line":17,"column":8},"end":{"line":17,"column":28}},"2":{"start":{"line":21,"column":0},"end":{"line":21,"column":33}}},"fnMap":{"0":{"name":"(anonymous_0)","decl":{"start":{"line":16,"column":4},"end":{"line":16,"column":16}},"loc":{"start":{"line":16,"column":44},"end":{"line":18,"column":5}}}},"branchMap":{},"s":{"0":0,"1":0,"2":0},"f":{"0":0},"b":{}}
,"/Users/winnguyen/interviews/beers_app/src/api/controllers/rating.controller.ts": {"path":"/Users/winnguyen/interviews/beers_app/src/api/controllers/rating.controller.ts","statementMap":{"0":{"start":{"line":2,"column":0},"end":{"line":2,"column":40}},"1":{"start":{"line":4,"column":0},"end":{"line":4,"column":52}},"2":{"start":{"line":5,"column":0},"end":{"line":5,"column":60}},"3":{"start":{"line":7,"column":26},"end":{"line":45,"column":null}},"4":{"start":{"line":13,"column":8},"end":{"line":13,"column":null}},"5":{"start":{"line":14,"column":8},"end":{"line":14,"column":27}},"6":{"start":{"line":18,"column":8},"end":{"line":35,"column":null}},"7":{"start":{"line":19,"column":25},"end":{"line":19,"column":42}},"8":{"start":{"line":20,"column":37},"end":{"line":20,"column":45}},"9":{"start":{"line":21,"column":24},"end":{"line":25,"column":14}},"10":{"start":{"line":27,"column":12},"end":{"line":27,"column":69}},"11":{"start":{"line":27,"column":42},"end":{"line":27,"column":67}},"12":{"start":{"line":28,"column":12},"end":{"line":28,"column":46}},"13":{"start":{"line":30,"column":12},"end":{"line":30,"column":27}},"14":{"start":{"line":31,"column":12},"end":{"line":34,"column":null}},"15":{"start":{"line":47,"column":0},"end":{"line":47,"column":33}}},"fnMap":{"0":{"name":"(anonymous_8)","decl":{"start":{"line":9,"column":4},"end":{"line":9,"column":21}},"loc":{"start":{"line":9,"column":21},"end":{"line":11,"column":5}}},"1":{"name":"(anonymous_9)","decl":{"start":{"line":12,"column":4},"end":{"line":12,"column":13}},"loc":{"start":{"line":12,"column":41},"end":{"line":15,"column":5}}},"2":{"name":"(anonymous_10)","decl":{"start":{"line":16,"column":10},"end":{"line":16,"column":19}},"loc":{"start":{"line":16,"column":47},"end":{"line":36,"column":null}}},"3":{"name":"(anonymous_12)","decl":{"start":{"line":27,"column":33},"end":{"line":27,"column":34}},"loc":{"start":{"line":27,"column":42},"end":{"line":27,"column":67}}},"4":{"name":"(anonymous_13)","decl":{"start":{"line":38,"column":4},"end":{"line":38,"column":16}},"loc":{"start":{"line":38,"column":16},"end":{"line":40,"column":5}}},"5":{"name":"(anonymous_14)","decl":{"start":{"line":42,"column":4},"end":{"line":42,"column":16}},"loc":{"start":{"line":42,"column":16},"end":{"line":44,"column":5}}}},"branchMap":{},"s":{"0":0,"1":0,"2":0,"3":0,"4":0,"5":0,"6":0,"7":0,"8":0,"9":0,"10":0,"11":0,"12":0,"13":0,"14":0,"15":0},"f":{"0":0,"1":0,"2":0,"3":0,"4":0,"5":0},"b":{}}
,"/Users/winnguyen/interviews/beers_app/src/api/middleware/beerCacheData.ts": {"path":"/Users/winnguyen/interviews/beers_app/src/api/middleware/beerCacheData.ts","statementMap":{"0":{"start":{"line":4,"column":0},"end":{"line":4,"column":40}},"1":{"start":{"line":6,"column":29},"end":{"line":25,"column":null}},"2":{"start":{"line":6,"column":84},"end":{"line":25,"column":null}},"3":{"start":{"line":7,"column":4},"end":{"line":7,"column":61}},"4":{"start":{"line":9,"column":22},"end":{"line":9,"column":42}},"5":{"start":{"line":11,"column":4},"end":{"line":24,"column":null}},"6":{"start":{"line":12,"column":29},"end":{"line":12,"column":33}},"7":{"start":{"line":13,"column":8},"end":{"line":20,"column":null}},"8":{"start":{"line":14,"column":12},"end":{"line":14,"column":47}},"9":{"start":{"line":15,"column":12},"end":{"line":17,"column":15}},"10":{"start":{"line":19,"column":12},"end":{"line":19,"column":19}},"11":{"start":{"line":22,"column":8},"end":{"line":22,"column":25}},"12":{"start":{"line":23,"column":8},"end":{"line":23,"column":24}},"13":{"start":{"line":6,"column":13},"end":{"line":6,"column":29}}},"fnMap":{"0":{"name":"(anonymous_8)","decl":{"start":{"line":6,"column":29},"end":{"line":6,"column":36}},"loc":{"start":{"line":6,"column":84},"end":{"line":25,"column":null}}},"1":{"name":"(anonymous_9)","decl":{"start":{"line":6,"column":84},"end":{"line":6,"column":null}},"loc":{"start":{"line":6,"column":84},"end":{"line":25,"column":1}}}},"branchMap":{"0":{"loc":{"start":{"line":13,"column":8},"end":{"line":20,"column":null}},"type":"if","locations":[{"start":{"line":13,"column":8},"end":{"line":20,"column":null}},{"start":{"line":18,"column":14},"end":{"line":20,"column":null}}]}},"s":{"0":0,"1":0,"2":0,"3":0,"4":0,"5":0,"6":0,"7":0,"8":0,"9":0,"10":0,"11":0,"12":0,"13":0},"f":{"0":0,"1":0},"b":{"0":[0,0]}}
,"/Users/winnguyen/interviews/beers_app/src/api/middleware/validateHeader.ts": {"path":"/Users/winnguyen/interviews/beers_app/src/api/middleware/validateHeader.ts","statementMap":{"0":{"start":{"line":3,"column":30},"end":{"line":37,"column":1}},"1":{"start":{"line":5,"column":4},"end":{"line":10,"column":null}},"2":{"start":{"line":6,"column":8},"end":{"line":6,"column":29}},"3":{"start":{"line":7,"column":8},"end":{"line":9,"column":11}},"4":{"start":{"line":36,"column":4},"end":{"line":36,"column":11}},"5":{"start":{"line":3,"column":13},"end":{"line":3,"column":30}}},"fnMap":{"0":{"name":"(anonymous_0)","decl":{"start":{"line":3,"column":30},"end":{"line":3,"column":31}},"loc":{"start":{"line":3,"column":82},"end":{"line":37,"column":1}}}},"branchMap":{"0":{"loc":{"start":{"line":5,"column":4},"end":{"line":10,"column":null}},"type":"if","locations":[{"start":{"line":5,"column":4},"end":{"line":10,"column":null}}]},"1":{"loc":{"start":{"line":5,"column":7},"end":{"line":5,"column":45}},"type":"binary-expr","locations":[{"start":{"line":5,"column":7},"end":{"line":5,"column":19}},{"start":{"line":5,"column":23},"end":{"line":5,"column":45}}]}},"s":{"0":1,"1":2,"2":2,"3":2,"4":2,"5":1},"f":{"0":2},"b":{"0":[2],"1":[2,1]}}
,"/Users/winnguyen/interviews/beers_app/src/api/middleware/validateResource.ts": {"path":"/Users/winnguyen/interviews/beers_app/src/api/middleware/validateResource.ts","statementMap":{"0":{"start":{"line":4,"column":32},"end":{"line":14,"column":1}},"1":{"start":{"line":4,"column":58},"end":{"line":14,"column":1}},"2":{"start":{"line":5,"column":4},"end":{"line":13,"column":null}},"3":{"start":{"line":6,"column":8},"end":{"line":10,"column":null}},"4":{"start":{"line":12,"column":8},"end":{"line":12,"column":46}},"5":{"start":{"line":4,"column":13},"end":{"line":4,"column":32}}},"fnMap":{"0":{"name":"(anonymous_0)","decl":{"start":{"line":4,"column":32},"end":{"line":4,"column":33}},"loc":{"start":{"line":4,"column":58},"end":{"line":14,"column":1}}},"1":{"name":"(anonymous_1)","decl":{"start":{"line":4,"column":58},"end":{"line":4,"column":59}},"loc":{"start":{"line":4,"column":110},"end":{"line":14,"column":1}}}},"branchMap":{},"s":{"0":0,"1":0,"2":0,"3":0,"4":0,"5":0},"f":{"0":0,"1":0},"b":{}}
,"/Users/winnguyen/interviews/beers_app/src/api/models/rating.model.ts": {"path":"/Users/winnguyen/interviews/beers_app/src/api/models/rating.model.ts","statementMap":{"0":{"start":{"line":7,"column":0},"end":{"line":7,"column":41}},"1":{"start":{"line":10,"column":29},"end":{"line":24,"column":2}},"2":{"start":{"line":26,"column":13},"end":{"line":26,"column":52}}},"fnMap":{},"branchMap":{},"s":{"0":0,"1":0,"2":0},"f":{},"b":{}}
,"/Users/winnguyen/interviews/beers_app/src/api/routes/beer.route.ts": {"path":"/Users/winnguyen/interviews/beers_app/src/api/routes/beer.route.ts","statementMap":{"0":{"start":{"line":14,"column":0},"end":{"line":14,"column":30}},"1":{"start":{"line":15,"column":0},"end":{"line":15,"column":66}},"2":{"start":{"line":16,"column":0},"end":{"line":16,"column":60}},"3":{"start":{"line":17,"column":15},"end":{"line":17,"column":31}},"4":{"start":{"line":19,"column":0},"end":{"line":19,"column":52}},"5":{"start":{"line":30,"column":0},"end":{"line":30,"column":88}},"6":{"start":{"line":32,"column":0},"end":{"line":32,"column":22}}},"fnMap":{},"branchMap":{},"s":{"0":0,"1":0,"2":0,"3":0,"4":0,"5":0,"6":0},"f":{},"b":{}}
,"/Users/winnguyen/interviews/beers_app/src/api/routes/global.route.ts": {"path":"/Users/winnguyen/interviews/beers_app/src/api/routes/global.route.ts","statementMap":{"0":{"start":{"line":14,"column":0},"end":{"line":14,"column":51}},"1":{"start":{"line":15,"column":0},"end":{"line":15,"column":70}},"2":{"start":{"line":17,"column":15},"end":{"line":17,"column":31}},"3":{"start":{"line":18,"column":0},"end":{"line":20,"column":3}},"4":{"start":{"line":19,"column":4},"end":{"line":19,"column":27}},"5":{"start":{"line":32,"column":0},"end":{"line":32,"column":null}},"6":{"start":{"line":34,"column":0},"end":{"line":34,"column":22}}},"fnMap":{"0":{"name":"(anonymous_1)","decl":{"start":{"line":18,"column":19},"end":{"line":18,"column":20}},"loc":{"start":{"line":18,"column":51},"end":{"line":20,"column":1}}}},"branchMap":{},"s":{"0":0,"1":0,"2":0,"3":0,"4":0,"5":0,"6":0},"f":{"0":0},"b":{}}
,"/Users/winnguyen/interviews/beers_app/src/api/routes/rating.route.ts": {"path":"/Users/winnguyen/interviews/beers_app/src/api/routes/rating.route.ts","statementMap":{"0":{"start":{"line":1,"column":0},"end":{"line":1,"column":30}},"1":{"start":{"line":2,"column":15},"end":{"line":2,"column":31}},"2":{"start":{"line":3,"column":0},"end":{"line":3,"column":70}},"3":{"start":{"line":5,"column":0},"end":{"line":5,"column":59}},"4":{"start":{"line":6,"column":0},"end":{"line":6,"column":50}},"5":{"start":{"line":9,"column":0},"end":{"line":9,"column":22}}},"fnMap":{},"branchMap":{},"s":{"0":0,"1":0,"2":0,"3":0,"4":0,"5":0},"f":{},"b":{}}
,"/Users/winnguyen/interviews/beers_app/src/api/services/beer.service.ts": {"path":"/Users/winnguyen/interviews/beers_app/src/api/services/beer.service.ts","statementMap":{"0":{"start":{"line":1,"column":0},"end":{"line":1,"column":42}},"1":{"start":{"line":2,"column":0},"end":{"line":2,"column":62}},"2":{"start":{"line":3,"column":0},"end":{"line":3,"column":40}},"3":{"start":{"line":6,"column":20},"end":{"line":6,"column":22}},"4":{"start":{"line":8,"column":29},"end":{"line":37,"column":null}},"5":{"start":{"line":8,"column":51},"end":{"line":37,"column":null}},"6":{"start":{"line":9,"column":4},"end":{"line":9,"column":64}},"7":{"start":{"line":10,"column":4},"end":{"line":36,"column":null}},"8":{"start":{"line":11,"column":23},"end":{"line":15,"column":12}},"9":{"start":{"line":16,"column":10},"end":{"line":26,"column":13}},"10":{"start":{"line":17,"column":26},"end":{"line":23,"column":null}},"11":{"start":{"line":25,"column":12},"end":{"line":25,"column":26}},"12":{"start":{"line":27,"column":8},"end":{"line":27,"column":21}},"13":{"start":{"line":29,"column":8},"end":{"line":35,"column":null}},"14":{"start":{"line":30,"column":12},"end":{"line":30,"column":58}},"15":{"start":{"line":31,"column":12},"end":{"line":31,"column":33}},"16":{"start":{"line":33,"column":12},"end":{"line":33,"column":53}},"17":{"start":{"line":34,"column":12},"end":{"line":34,"column":50}},"18":{"start":{"line":8,"column":13},"end":{"line":8,"column":29}}},"fnMap":{"0":{"name":"(anonymous_8)","decl":{"start":{"line":8,"column":29},"end":{"line":8,"column":36}},"loc":{"start":{"line":8,"column":51},"end":{"line":37,"column":null}}},"1":{"name":"(anonymous_9)","decl":{"start":{"line":8,"column":51},"end":{"line":8,"column":null}},"loc":{"start":{"line":8,"column":51},"end":{"line":37,"column":1}}},"2":{"name":"(anonymous_10)","decl":{"start":{"line":16,"column":19},"end":{"line":16,"column":20}},"loc":{"start":{"line":16,"column":28},"end":{"line":26,"column":11}}}},"branchMap":{"0":{"loc":{"start":{"line":29,"column":8},"end":{"line":35,"column":null}},"type":"if","locations":[{"start":{"line":29,"column":8},"end":{"line":35,"column":null}},{"start":{"line":32,"column":17},"end":{"line":35,"column":null}}]}},"s":{"0":0,"1":0,"2":0,"3":0,"4":0,"5":0,"6":0,"7":0,"8":0,"9":0,"10":0,"11":0,"12":0,"13":0,"14":0,"15":0,"16":0,"17":0,"18":0},"f":{"0":0,"1":0,"2":0},"b":{"0":[0,0]}}
,"/Users/winnguyen/interviews/beers_app/src/api/services/rating.service.ts": {"path":"/Users/winnguyen/interviews/beers_app/src/api/services/rating.service.ts","statementMap":{"0":{"start":{"line":1,"column":0},"end":{"line":1,"column":54}},"1":{"start":{"line":2,"column":0},"end":{"line":2,"column":40}},"2":{"start":{"line":4,"column":26},"end":{"line":13,"column":null}},"3":{"start":{"line":4,"column":47},"end":{"line":13,"column":null}},"4":{"start":{"line":5,"column":4},"end":{"line":5,"column":63}},"5":{"start":{"line":6,"column":4},"end":{"line":12,"column":null}},"6":{"start":{"line":7,"column":19},"end":{"line":7,"column":37}},"7":{"start":{"line":8,"column":8},"end":{"line":8,"column":24}},"8":{"start":{"line":10,"column":8},"end":{"line":10,"column":23}},"9":{"start":{"line":11,"column":8},"end":{"line":11,"column":20}},"10":{"start":{"line":4,"column":13},"end":{"line":4,"column":26}},"11":{"start":{"line":15,"column":28},"end":{"line":18,"column":null}},"12":{"start":{"line":15,"column":48},"end":{"line":18,"column":null}},"13":{"start":{"line":16,"column":4},"end":{"line":16,"column":38}},"14":{"start":{"line":17,"column":19},"end":{"line":17,"column":38}},"15":{"start":{"line":15,"column":13},"end":{"line":15,"column":28}},"16":{"start":{"line":20,"column":27},"end":{"line":22,"column":null}},"17":{"start":{"line":20,"column":61},"end":{"line":22,"column":null}},"18":{"start":{"line":21,"column":4},"end":{"line":21,"column":36}},"19":{"start":{"line":20,"column":13},"end":{"line":20,"column":27}},"20":{"start":{"line":24,"column":27},"end":{"line":26,"column":null}},"21":{"start":{"line":24,"column":47},"end":{"line":26,"column":null}},"22":{"start":{"line":25,"column":4},"end":{"line":25,"column":null}},"23":{"start":{"line":24,"column":13},"end":{"line":24,"column":27}},"24":{"start":{"line":28,"column":25},"end":{"line":30,"column":null}},"25":{"start":{"line":28,"column":36},"end":{"line":30,"column":null}},"26":{"start":{"line":29,"column":4},"end":{"line":29,"column":35}},"27":{"start":{"line":28,"column":13},"end":{"line":28,"column":25}}},"fnMap":{"0":{"name":"(anonymous_8)","decl":{"start":{"line":4,"column":26},"end":{"line":4,"column":32}},"loc":{"start":{"line":4,"column":47},"end":{"line":13,"column":null}}},"1":{"name":"(anonymous_9)","decl":{"start":{"line":4,"column":47},"end":{"line":4,"column":null}},"loc":{"start":{"line":4,"column":47},"end":{"line":13,"column":1}}},"2":{"name":"(anonymous_10)","decl":{"start":{"line":15,"column":28},"end":{"line":15,"column":35}},"loc":{"start":{"line":15,"column":48},"end":{"line":18,"column":null}}},"3":{"name":"(anonymous_11)","decl":{"start":{"line":15,"column":48},"end":{"line":15,"column":null}},"loc":{"start":{"line":15,"column":48},"end":{"line":18,"column":1}}},"4":{"name":"(anonymous_12)","decl":{"start":{"line":20,"column":27},"end":{"line":20,"column":34}},"loc":{"start":{"line":20,"column":61},"end":{"line":22,"column":null}}},"5":{"name":"(anonymous_13)","decl":{"start":{"line":20,"column":61},"end":{"line":20,"column":null}},"loc":{"start":{"line":20,"column":61},"end":{"line":22,"column":1}}},"6":{"name":"(anonymous_14)","decl":{"start":{"line":24,"column":27},"end":{"line":24,"column":34}},"loc":{"start":{"line":24,"column":47},"end":{"line":26,"column":null}}},"7":{"name":"(anonymous_15)","decl":{"start":{"line":24,"column":47},"end":{"line":24,"column":null}},"loc":{"start":{"line":24,"column":47},"end":{"line":26,"column":1}}},"8":{"name":"(anonymous_16)","decl":{"start":{"line":28,"column":25},"end":{"line":28,"column":34}},"loc":{"start":{"line":28,"column":36},"end":{"line":30,"column":null}}},"9":{"name":"(anonymous_17)","decl":{"start":{"line":28,"column":36},"end":{"line":28,"column":null}},"loc":{"start":{"line":28,"column":36},"end":{"line":30,"column":1}}}},"branchMap":{},"s":{"0":0,"1":0,"2":0,"3":0,"4":0,"5":0,"6":0,"7":0,"8":0,"9":0,"10":0,"11":0,"12":0,"13":0,"14":0,"15":0,"16":0,"17":0,"18":0,"19":0,"20":0,"21":0,"22":0,"23":0,"24":0,"25":0,"26":0,"27":0},"f":{"0":0,"1":0,"2":0,"3":0,"4":0,"5":0,"6":0,"7":0,"8":0,"9":0},"b":{}}
,"/Users/winnguyen/interviews/beers_app/src/api/utils/base-error.ts": {"path":"/Users/winnguyen/interviews/beers_app/src/api/utils/base-error.ts","statementMap":{"0":{"start":{"line":9,"column":6},"end":{"line":9,"column":25}},"1":{"start":{"line":10,"column":6},"end":{"line":10,"column":56}},"2":{"start":{"line":12,"column":6},"end":{"line":12,"column":23}},"3":{"start":{"line":13,"column":6},"end":{"line":13,"column":31}},"4":{"start":{"line":14,"column":6},"end":{"line":14,"column":41}},"5":{"start":{"line":16,"column":6},"end":{"line":16,"column":36}},"6":{"start":{"line":20,"column":3},"end":{"line":20,"column":28}}},"fnMap":{"0":{"name":"(anonymous_0)","decl":{"start":{"line":8,"column":4},"end":{"line":8,"column":16}},"loc":{"start":{"line":8,"column":99},"end":{"line":17,"column":5}}}},"branchMap":{},"s":{"0":0,"1":0,"2":0,"3":0,"4":0,"5":0,"6":0},"f":{"0":0},"b":{}}
,"/Users/winnguyen/interviews/beers_app/src/api/utils/error-handler.ts": {"path":"/Users/winnguyen/interviews/beers_app/src/api/utils/error-handler.ts","statementMap":{"0":{"start":{"line":1,"column":0},"end":{"line":1,"column":40}},"1":{"start":{"line":2,"column":0},"end":{"line":2,"column":50}},"2":{"start":{"line":5,"column":6},"end":{"line":8,"column":8}},"3":{"start":{"line":12,"column":6},"end":{"line":14,"column":null}},"4":{"start":{"line":13,"column":8},"end":{"line":13,"column":35}},"5":{"start":{"line":15,"column":6},"end":{"line":15,"column":19}},"6":{"start":{"line":18,"column":16},"end":{"line":18,"column":50}}},"fnMap":{"0":{"name":"(anonymous_8)","decl":{"start":{"line":4,"column":17},"end":{"line":4,"column":28}},"loc":{"start":{"line":4,"column":39},"end":{"line":9,"column":null}}},"1":{"name":"(anonymous_10)","decl":{"start":{"line":11,"column":11},"end":{"line":11,"column":25}},"loc":{"start":{"line":11,"column":38},"end":{"line":16,"column":5}}}},"branchMap":{"0":{"loc":{"start":{"line":12,"column":6},"end":{"line":14,"column":null}},"type":"if","locations":[{"start":{"line":12,"column":6},"end":{"line":14,"column":null}}]}},"s":{"0":0,"1":0,"2":0,"3":0,"4":0,"5":0,"6":0},"f":{"0":0,"1":0},"b":{"0":[0]}}
,"/Users/winnguyen/interviews/beers_app/src/api/utils/http-status.ts": {"path":"/Users/winnguyen/interviews/beers_app/src/api/utils/http-status.ts","statementMap":{"0":{"start":{"line":1,"column":0},"end":{"line":1,"column":null}},"1":{"start":{"line":2,"column":4},"end":{"line":2,"column":null}},"2":{"start":{"line":3,"column":4},"end":{"line":3,"column":null}},"3":{"start":{"line":4,"column":4},"end":{"line":4,"column":null}},"4":{"start":{"line":5,"column":4},"end":{"line":5,"column":null}}},"fnMap":{"0":{"name":"(anonymous_0)","decl":{"start":{"line":1,"column":0},"end":{"line":1,"column":12}},"loc":{"start":{"line":1,"column":26},"end":{"line":6,"column":1}}}},"branchMap":{"0":{"loc":{"start":{"line":1,"column":12},"end":{"line":1,"column":null}},"type":"binary-expr","locations":[{"start":{"line":1,"column":12},"end":{"line":1,"column":26}},{"start":{"line":1,"column":12},"end":{"line":1,"column":null}}]}},"s":{"0":0,"1":0,"2":0,"3":0,"4":0},"f":{"0":0},"b":{"0":[0,0]}}
,"/Users/winnguyen/interviews/beers_app/src/api/utils/logger.ts": {"path":"/Users/winnguyen/interviews/beers_app/src/api/utils/logger.ts","statementMap":{"0":{"start":{"line":1,"column":0},"end":{"line":1,"column":26}},"1":{"start":{"line":2,"column":0},"end":{"line":2,"column":26}},"2":{"start":{"line":4,"column":12},"end":{"line":10,"column":2}},"3":{"start":{"line":9,"column":21},"end":{"line":9,"column":52}},"4":{"start":{"line":12,"column":0},"end":{"line":12,"column":19}}},"fnMap":{"0":{"name":"(anonymous_1)","decl":{"start":{"line":9,"column":15},"end":{"line":9,"column":18}},"loc":{"start":{"line":9,"column":21},"end":{"line":9,"column":52}}}},"branchMap":{},"s":{"0":0,"1":0,"2":0,"3":0,"4":0},"f":{"0":0},"b":{}}
,"/Users/winnguyen/interviews/beers_app/src/api/utils/mongodb.ts": {"path":"/Users/winnguyen/interviews/beers_app/src/api/utils/mongodb.ts","statementMap":{"0":{"start":{"line":2,"column":0},"end":{"line":2,"column":32}},"1":{"start":{"line":3,"column":0},"end":{"line":3,"column":72}},"2":{"start":{"line":4,"column":0},"end":{"line":4,"column":40}},"3":{"start":{"line":6,"column":18},"end":{"line":14,"column":2}},"4":{"start":{"line":6,"column":29},"end":{"line":14,"column":2}},"5":{"start":{"line":7,"column":4},"end":{"line":7,"column":69}},"6":{"start":{"line":8,"column":4},"end":{"line":13,"column":7}},"7":{"start":{"line":9,"column":16},"end":{"line":9,"column":45}},"8":{"start":{"line":11,"column":29},"end":{"line":11,"column":30}},"9":{"start":{"line":12,"column":8},"end":{"line":12,"column":39}},"10":{"start":{"line":16,"column":0},"end":{"line":16,"column":25}}},"fnMap":{"0":{"name":"(anonymous_8)","decl":{"start":{"line":6,"column":18},"end":{"line":6,"column":27}},"loc":{"start":{"line":6,"column":29},"end":{"line":14,"column":2}}},"1":{"name":"(anonymous_9)","decl":{"start":{"line":6,"column":29},"end":{"line":6,"column":null}},"loc":{"start":{"line":6,"column":29},"end":{"line":14,"column":1}}},"2":{"name":"(anonymous_10)","decl":{"start":{"line":9,"column":10},"end":{"line":9,"column":13}},"loc":{"start":{"line":9,"column":16},"end":{"line":9,"column":45}}},"3":{"name":"(anonymous_11)","decl":{"start":{"line":10,"column":11},"end":{"line":10,"column":12}},"loc":{"start":{"line":10,"column":19},"end":{"line":13,"column":5}}}},"branchMap":{},"s":{"0":0,"1":0,"2":0,"3":0,"4":0,"5":0,"6":0,"7":0,"8":0,"9":0,"10":0},"f":{"0":0,"1":0,"2":0,"3":0},"b":{}}
,"/Users/winnguyen/interviews/beers_app/src/api/utils/redis-server.ts": {"path":"/Users/winnguyen/interviews/beers_app/src/api/utils/redis-server.ts","statementMap":{"0":{"start":{"line":9,"column":19},"end":{"line":9,"column":63}},"1":{"start":{"line":10,"column":19},"end":{"line":10,"column":65}}},"fnMap":{},"branchMap":{"0":{"loc":{"start":{"line":9,"column":19},"end":{"line":9,"column":63}},"type":"cond-expr","locations":[{"start":{"line":9,"column":41},"end":{"line":9,"column":45}},{"start":{"line":9,"column":45},"end":{"line":9,"column":63}}]},"1":{"loc":{"start":{"line":9,"column":19},"end":{"line":9,"column":45}},"type":"binary-expr","locations":[{"start":{"line":9,"column":19},"end":{"line":9,"column":45}},{"start":{"line":9,"column":41},"end":{"line":9,"column":45}}]},"2":{"loc":{"start":{"line":10,"column":28},"end":{"line":10,"column":60}},"type":"cond-expr","locations":[{"start":{"line":10,"column":50},"end":{"line":10,"column":54}},{"start":{"line":10,"column":54},"end":{"line":10,"column":60}}]},"3":{"loc":{"start":{"line":10,"column":28},"end":{"line":10,"column":54}},"type":"binary-expr","locations":[{"start":{"line":10,"column":28},"end":{"line":10,"column":54}},{"start":{"line":10,"column":50},"end":{"line":10,"column":54}}]}},"s":{"0":0,"1":0},"f":{},"b":{"0":[0,0],"1":[0,0],"2":[0,0],"3":[0,0]}}
,"/Users/winnguyen/interviews/beers_app/src/api/utils/swagger.ts": {"path":"/Users/winnguyen/interviews/beers_app/src/api/utils/swagger.ts","statementMap":{"0":{"start":{"line":2,"column":0},"end":{"line":2,"column":64}},"1":{"start":{"line":3,"column":0},"end":{"line":3,"column":43}},"2":{"start":{"line":4,"column":0},"end":{"line":4,"column":46}},"3":{"start":{"line":5,"column":0},"end":{"line":5,"column":40}},"4":{"start":{"line":7,"column":38},"end":{"line":27,"column":2}},"5":{"start":{"line":29,"column":20},"end":{"line":29,"column":41}},"6":{"start":{"line":32,"column":4},"end":{"line":32,"column":75}},"7":{"start":{"line":33,"column":4},"end":{"line":36,"column":7}},"8":{"start":{"line":34,"column":8},"end":{"line":34,"column":58}},"9":{"start":{"line":35,"column":8},"end":{"line":35,"column":30}},"10":{"start":{"line":38,"column":4},"end":{"line":38,"column":64}},"11":{"start":{"line":41,"column":0},"end":{"line":41,"column":27}}},"fnMap":{"0":{"name":"swaggerDocs","decl":{"start":{"line":31,"column":9},"end":{"line":31,"column":20}},"loc":{"start":{"line":31,"column":51},"end":{"line":39,"column":1}}},"1":{"name":"(anonymous_2)","decl":{"start":{"line":33,"column":25},"end":{"line":33,"column":26}},"loc":{"start":{"line":33,"column":57},"end":{"line":36,"column":5}}}},"branchMap":{},"s":{"0":0,"1":0,"2":0,"3":0,"4":0,"5":0,"6":0,"7":0,"8":0,"9":0,"10":0,"11":0},"f":{"0":0,"1":0},"b":{}}
}
